/Users/s933746/Deep Hedging/Deep-Hedging-Cvar-Heston/venv/lib/python3.9/site-packages/urllib3/__init__.py:35: NotOpenSSLWarning: urllib3 v2 only supports OpenSSL 1.1.1+, currently the 'ssl' module is compiled with 'LibreSSL 2.8.3'. See: https://github.com/urllib3/urllib3/issues/3020
  warnings.warn(
device=cpu  epochs=400  N=256
Train pool: 4026 returns (2005-2020)
Test  pool: 1003 returns (2021-2024)
ep    1  loss=+8.790  CVaR_train=-7.536  CVaR_val(2021-24)=-11.077
ep   25  loss=+6.418  CVaR_train=-5.916  CVaR_val(2021-24)=-8.630
ep   50  loss=+3.890  CVaR_train=-3.836  CVaR_val(2021-24)=-5.554
ep   75  loss=+3.882  CVaR_train=-3.827  CVaR_val(2021-24)=-5.548
ep  100  loss=+4.389  CVaR_train=-4.158  CVaR_val(2021-24)=-5.946
ep  125  loss=+5.818  CVaR_train=-5.322  CVaR_val(2021-24)=-5.110
ep  150  loss=+4.803  CVaR_train=-3.781  CVaR_val(2021-24)=-5.349
ep  175  loss=+4.493  CVaR_train=-4.198  CVaR_val(2021-24)=-5.590
ep  200  loss=+4.194  CVaR_train=-4.169  CVaR_val(2021-24)=-5.755
ep  225  loss=+4.820  CVaR_train=-4.754  CVaR_val(2021-24)=-5.927
ep  250  loss=+4.260  CVaR_train=-4.034  CVaR_val(2021-24)=-5.298
ep  275  loss=+4.438  CVaR_train=-4.334  CVaR_val(2021-24)=-5.617
ep  300  loss=+5.552  CVaR_train=-5.502  CVaR_val(2021-24)=-6.034
ep  325  loss=+6.083  CVaR_train=-6.009  CVaR_val(2021-24)=-6.113
ep  350  loss=+5.600  CVaR_train=-5.489  CVaR_val(2021-24)=-5.817
ep  375  loss=+5.801  CVaR_train=-4.964  CVaR_val(2021-24)=-5.448
ep  400  loss=+5.264  CVaR_train=-5.089  CVaR_val(2021-24)=-5.697
Saved → results/expanded_corpus.pth

=== Evaluation ===
2008 GFC (in-train)               n= 86  BS= -12.12[-15.38, -8.26]  DH= -13.45[-15.63,-11.07]  Δ= -1.32[ -4.69, +2.79]
2017 Calm (in-train)              n= 70  BS=  -2.62[ -2.97, -2.02]  DH=  -2.67[ -3.32, -2.07]  Δ= -0.06[ -0.35, +0.09]
2018 Volmageddon (in-train)       n= 44  BS=  -4.12[ -4.26, -3.21]  DH=  -5.73[ -7.73, -2.88]  Δ= -1.61[ -3.47, +0.89]
2020 COVID (in-train NOW)         n= 53  BS=  -8.59[ -9.50, -6.59]  DH= -13.58[-13.60, -9.18]  Δ= -4.99[ -6.60, -0.61]
2022 Rate shock (OOT)             n= 44  BS=  -5.62[ -5.79, -5.08]  DH=  -7.42[ -7.48, -5.75]  Δ= -1.80[ -2.27, -0.37]
2023 SVB / banking (OOT)          n= 44  BS=  -3.97[ -4.15, -3.45]  DH=  -4.73[ -4.92, -3.64]  Δ= -0.76[ -0.85, -0.11]
2024 Full year (OOT)              n= 44  BS=  -4.04[ -4.67, -3.20]  DH=  -4.54[ -5.36, -3.45]  Δ= -0.50[ -0.69, -0.10]

Artifacts in results/expanded_corpus_*.{txt,png}
