
[seed=0  gate thr_init=1.5 sc_init=0.2 frozen=False] training…
ep    1  loss=+197.609  CVaR_train=-175.287  CVaR_val=-49.541  gate(thr=1.500, sc=0.200)
ep   50  loss=+167.993  CVaR_train=-149.421  CVaR_val=-49.804  gate(thr=1.497, sc=0.195)
ep  100  loss=+148.429  CVaR_train=-131.296  CVaR_val=-36.369  gate(thr=1.492, sc=0.189)
ep  150  loss=+110.920  CVaR_train=-98.099  CVaR_val=-36.587  gate(thr=1.487, sc=0.181)
ep  200  loss=+130.721  CVaR_train=-118.429  CVaR_val=-31.568  gate(thr=1.482, sc=0.173)
ep  250  loss=+116.563  CVaR_train=-106.883  CVaR_val=-30.219  gate(thr=1.477, sc=0.168)
ep  300  loss=+124.914  CVaR_train=-117.607  CVaR_val=-35.290  gate(thr=1.473, sc=0.165)
ep  350  loss=+131.130  CVaR_train=-122.711  CVaR_val=-33.472  gate(thr=1.469, sc=0.164)
ep  400  loss=+140.435  CVaR_train=-133.570  CVaR_val=-39.428  gate(thr=1.464, sc=0.162)
[seed=0] evaluating… (final gate: thr=1.464, sc=0.162)
2008 GFC (in-train)              n= 89  BS= -13.54[-14.17,-11.03]  DH= -16.11[-17.44,-11.62]  Δ= -2.56[ -4.87, +0.92]
2017 Calm (in-train)             n= 72  BS=  -3.92[ -5.47, -2.68]  DH=  -7.52[-10.30, -4.76]  Δ= -3.60[ -7.16, -0.65]
2018 Volmageddon (in-train)      n= 45  BS=  -4.35[ -4.39, -3.54]  DH=  -8.22[ -8.77, -6.07]  Δ= -3.87[ -4.95, -1.70]
2020 COVID (in-train)            n= 55  BS= -13.81[-14.00, -9.63]  DH= -17.94[-18.77, -7.80]  Δ= -4.12[ -4.77, +2.56]
2022 Rate shock (OOT)            n= 45  BS=  -7.55[ -8.08, -5.46]  DH= -10.18[-11.05, -6.98]  Δ= -2.64[ -4.04, -0.68]
2023 SVB / banking (OOT)         n= 45  BS=  -6.21[ -7.96, -3.83]  DH=  -8.70[ -8.71, -6.01]  Δ= -2.49[ -4.62, -0.75]
2024 Full year (OOT)             n= 46  BS=  -5.44[ -5.65, -4.09]  DH=  -7.18[ -7.96, -5.21]  Δ= -1.74[ -3.47, +0.28]

[seed=1  gate thr_init=1.5 sc_init=0.2 frozen=False] training…
ep    1  loss=+158.894  CVaR_train=-141.292  CVaR_val=-50.463  gate(thr=1.500, sc=0.200)
ep   50  loss=+171.563  CVaR_train=-152.724  CVaR_val=-44.941  gate(thr=1.497, sc=0.195)
ep  100  loss=+160.426  CVaR_train=-142.594  CVaR_val=-41.041  gate(thr=1.492, sc=0.188)
ep  150  loss=+136.235  CVaR_train=-120.520  CVaR_val=-34.041  gate(thr=1.487, sc=0.181)
ep  200  loss=+123.708  CVaR_train=-112.139  CVaR_val=-36.400  gate(thr=1.484, sc=0.171)
ep  250  loss=+108.930  CVaR_train=-100.146  CVaR_val=-37.192  gate(thr=1.481, sc=0.165)
ep  300  loss=+111.264  CVaR_train=-104.657  CVaR_val=-31.629  gate(thr=1.476, sc=0.160)
ep  350  loss=+145.661  CVaR_train=-137.459  CVaR_val=-31.220  gate(thr=1.471, sc=0.158)
ep  400  loss=+169.888  CVaR_train=-161.839  CVaR_val=-38.710  gate(thr=1.467, sc=0.158)
[seed=1] evaluating… (final gate: thr=1.467, sc=0.158)
2008 GFC (in-train)              n= 89  BS= -13.54[-14.17,-11.03]  DH= -16.34[-17.96,-12.15]  Δ= -2.79[ -5.41, +0.47]
2017 Calm (in-train)             n= 72  BS=  -3.92[ -5.47, -2.68]  DH=  -7.36[ -9.92, -4.63]  Δ= -3.43[ -6.78, -0.61]
2018 Volmageddon (in-train)      n= 45  BS=  -4.35[ -4.39, -3.54]  DH=  -8.13[ -8.75, -5.97]  Δ= -3.78[ -4.92, -1.63]
2020 COVID (in-train)            n= 55  BS= -13.81[-14.00, -9.63]  DH= -17.72[-18.36, -7.65]  Δ= -3.91[ -4.47, +2.60]
2022 Rate shock (OOT)            n= 45  BS=  -7.55[ -8.08, -5.46]  DH=  -9.90[-10.85, -7.08]  Δ= -2.35[ -3.84, -0.61]
2023 SVB / banking (OOT)         n= 45  BS=  -6.21[ -7.96, -3.83]  DH=  -8.61[ -8.69, -5.80]  Δ= -2.41[ -4.47, -0.73]
2024 Full year (OOT)             n= 46  BS=  -5.44[ -5.65, -4.09]  DH=  -7.06[ -7.80, -5.14]  Δ= -1.61[ -3.32, +0.29]

[seed=2  gate thr_init=1.5 sc_init=0.2 frozen=False] training…
ep    1  loss=+172.649  CVaR_train=-154.223  CVaR_val=-53.134  gate(thr=1.500, sc=0.200)
ep   50  loss=+178.742  CVaR_train=-159.097  CVaR_val=-49.523  gate(thr=1.497, sc=0.195)
ep  100  loss=+160.265  CVaR_train=-142.632  CVaR_val=-44.021  gate(thr=1.494, sc=0.188)
ep  150  loss=+146.853  CVaR_train=-129.865  CVaR_val=-33.318  gate(thr=1.490, sc=0.180)
ep  200  loss=+133.802  CVaR_train=-118.824  CVaR_val=-31.844  gate(thr=1.483, sc=0.171)
ep  250  loss=+136.242  CVaR_train=-122.921  CVaR_val=-29.219  gate(thr=1.477, sc=0.164)
ep  300  loss=+112.090  CVaR_train=-103.380  CVaR_val=-32.903  gate(thr=1.471, sc=0.159)
ep  350  loss=+130.544  CVaR_train=-122.829  CVaR_val=-33.421  gate(thr=1.466, sc=0.156)
ep  400  loss=+129.194  CVaR_train=-123.930  CVaR_val=-37.223  gate(thr=1.464, sc=0.155)
[seed=2] evaluating… (final gate: thr=1.464, sc=0.155)
2008 GFC (in-train)              n= 89  BS= -13.54[-14.17,-11.03]  DH= -16.19[-17.16,-11.64]  Δ= -2.64[ -4.77, +0.94]
2017 Calm (in-train)             n= 72  BS=  -3.92[ -5.47, -2.68]  DH=  -6.69[ -8.67, -4.36]  Δ= -2.77[ -5.53, -0.36]
2018 Volmageddon (in-train)      n= 45  BS=  -4.35[ -4.39, -3.54]  DH=  -7.20[ -7.45, -5.69]  Δ= -2.85[ -3.66, -1.33]
2020 COVID (in-train)            n= 55  BS= -13.81[-14.00, -9.63]  DH= -17.78[-18.57, -7.79]  Δ= -3.96[ -4.57, +2.38]
2022 Rate shock (OOT)            n= 45  BS=  -7.55[ -8.08, -5.46]  DH=  -9.71[-10.68, -6.96]  Δ= -2.16[ -3.67, -0.35]
2023 SVB / banking (OOT)         n= 45  BS=  -6.21[ -7.96, -3.83]  DH=  -8.54[ -8.79, -5.70]  Δ= -2.33[ -4.22, -0.83]
2024 Full year (OOT)             n= 46  BS=  -5.44[ -5.65, -4.09]  DH=  -6.57[ -7.03, -5.02]  Δ= -1.12[ -2.67, +0.28]

[seed=3  gate thr_init=1.5 sc_init=0.2 frozen=False] training…
ep    1  loss=+170.517  CVaR_train=-152.096  CVaR_val=-54.275  gate(thr=1.500, sc=0.200)
ep   50  loss=+169.974  CVaR_train=-152.109  CVaR_val=-49.896  gate(thr=1.498, sc=0.195)
ep  100  loss=+166.913  CVaR_train=-148.873  CVaR_val=-42.715  gate(thr=1.495, sc=0.187)
ep  150  loss=+153.205  CVaR_train=-136.470  CVaR_val=-33.903  gate(thr=1.492, sc=0.180)
ep  200  loss=+112.951  CVaR_train=-102.163  CVaR_val=-36.635  gate(thr=1.491, sc=0.170)
ep  250  loss=+117.421  CVaR_train=-107.735  CVaR_val=-30.495  gate(thr=1.486, sc=0.162)
ep  300  loss=+111.298  CVaR_train=-103.656  CVaR_val=-31.837  gate(thr=1.482, sc=0.159)
ep  350  loss=+127.694  CVaR_train=-121.331  CVaR_val=-37.788  gate(thr=1.477, sc=0.156)
ep  400  loss=+132.725  CVaR_train=-126.933  CVaR_val=-35.740  gate(thr=1.473, sc=0.154)
[seed=3] evaluating… (final gate: thr=1.473, sc=0.154)
2008 GFC (in-train)              n= 89  BS= -13.54[-14.17,-11.03]  DH= -16.28[-17.90,-11.91]  Δ= -2.73[ -5.40, +0.57]
2017 Calm (in-train)             n= 72  BS=  -3.92[ -5.47, -2.68]  DH=  -6.91[ -9.11, -4.45]  Δ= -2.99[ -5.97, -0.39]
2018 Volmageddon (in-train)      n= 45  BS=  -4.35[ -4.39, -3.54]  DH=  -7.51[ -8.01, -5.58]  Δ= -3.16[ -4.19, -1.37]
2020 COVID (in-train)            n= 55  BS= -13.81[-14.00, -9.63]  DH= -17.54[-18.17, -7.43]  Δ= -3.73[ -4.17, +2.63]
2022 Rate shock (OOT)            n= 45  BS=  -7.55[ -8.08, -5.46]  DH=  -9.53[-10.53, -6.97]  Δ= -1.98[ -3.52, -0.34]
2023 SVB / banking (OOT)         n= 45  BS=  -6.21[ -7.96, -3.83]  DH=  -8.41[ -8.59, -5.54]  Δ= -2.20[ -4.17, -0.64]
2024 Full year (OOT)             n= 46  BS=  -5.44[ -5.65, -4.09]  DH=  -6.58[ -7.24, -5.04]  Δ= -1.14[ -2.79, +0.42]

[seed=4  gate thr_init=1.5 sc_init=0.2 frozen=False] training…
ep    1  loss=+173.979  CVaR_train=-154.283  CVaR_val=-51.170  gate(thr=1.500, sc=0.200)
ep   50  loss=+158.148  CVaR_train=-140.794  CVaR_val=-45.264  gate(thr=1.496, sc=0.195)
ep  100  loss=+152.075  CVaR_train=-134.855  CVaR_val=-39.883  gate(thr=1.491, sc=0.188)
ep  150  loss=+122.766  CVaR_train=-109.497  CVaR_val=-33.300  gate(thr=1.486, sc=0.180)
ep  200  loss=+106.771  CVaR_train=-97.610  CVaR_val=-30.281  gate(thr=1.483, sc=0.173)
ep  250  loss=+105.948  CVaR_train=-98.118  CVaR_val=-33.659  gate(thr=1.479, sc=0.168)
ep  300  loss=+128.378  CVaR_train=-120.522  CVaR_val=-38.144  gate(thr=1.474, sc=0.166)
ep  350  loss=+150.587  CVaR_train=-141.074  CVaR_val=-32.646  gate(thr=1.470, sc=0.164)
ep  400  loss=+119.504  CVaR_train=-113.782  CVaR_val=-37.088  gate(thr=1.466, sc=0.163)
[seed=4] evaluating… (final gate: thr=1.466, sc=0.163)
2008 GFC (in-train)              n= 89  BS= -13.54[-14.17,-11.03]  DH= -15.93[-17.03,-11.61]  Δ= -2.38[ -4.48, +1.11]
2017 Calm (in-train)             n= 72  BS=  -3.92[ -5.47, -2.68]  DH=  -7.28[ -9.77, -4.60]  Δ= -3.36[ -6.63, -0.61]
2018 Volmageddon (in-train)      n= 45  BS=  -4.35[ -4.39, -3.54]  DH=  -7.61[ -8.02, -5.76]  Δ= -3.26[ -4.23, -1.42]
2020 COVID (in-train)            n= 55  BS= -13.81[-14.00, -9.63]  DH= -17.88[-18.81, -7.73]  Δ= -4.07[ -4.80, +2.38]
2022 Rate shock (OOT)            n= 45  BS=  -7.55[ -8.08, -5.46]  DH=  -9.98[-10.89, -6.79]  Δ= -2.43[ -3.88, -0.47]
2023 SVB / banking (OOT)         n= 45  BS=  -6.21[ -7.96, -3.83]  DH=  -8.61[ -8.79, -5.84]  Δ= -2.40[ -4.37, -0.83]
2024 Full year (OOT)             n= 46  BS=  -5.44[ -5.65, -4.09]  DH=  -6.77[ -7.56, -5.06]  Δ= -1.33[ -3.07, +0.35]

Wrote results/vix_gated_calm_n5_metrics.txt

========================================================================
Aggregated across 5 seeds:
Window                              mean Δ     std      min      max
2008 GFC (in-train)                 -2.623   0.143   -2.794   -2.385
2017 Calm (in-train)                -3.231   0.306   -3.601   -2.769
2018 Volmageddon (in-train)         -3.382   0.386   -3.871   -2.848
2020 COVID (in-train)               -3.959   0.137   -4.124   -3.730
2022 Rate shock (OOT)               -2.311   0.224   -2.635   -1.982
2023 SVB / banking (OOT)            -2.365   0.095   -2.486   -2.204
2024 Full year (OOT)                -1.388   0.250   -1.742   -1.122

Learned gate parameters per seed:
  seed 0: threshold=+1.4641  scale=+0.1622
  seed 1: threshold=+1.4674  scale=+0.1577
  seed 2: threshold=+1.4636  scale=+0.1547
  seed 3: threshold=+1.4728  scale=+0.1544
  seed 4: threshold=+1.4660  scale=+0.1635

Decision-rule check:
  2017 calm:  mean Δ=-3.231  std=0.306  (plain-Adam: +0.48 ± 0.14)
  2024 OOT:   mean Δ=-1.388  std=0.250  (plain-Adam: +1.16 ± 0.06)
    → calm sanity passes? mean-OK=False  std-OK=True

>>> SANITY FAIL: gate degraded a window we know works.
